c:\users\user\source\baekjoon_stepbystep\sts_loop\sts_loop\x64\debug\vc143.pdb
c:\users\user\source\baekjoon_stepbystep\sts_loop\sts_loop\x64\debug\vc143.idb
c:\users\user\source\baekjoon_stepbystep\sts_loop\sts_loop\x64\debug\12_sts_loop_10951.obj
c:\users\user\source\baekjoon_stepbystep\sts_loop\sts_loop\x64\debug\11_sts_loop_10952.obj
c:\users\user\source\baekjoon_stepbystep\sts_loop\sts_loop\x64\debug\10_sts_loop_2439.obj
c:\users\user\source\baekjoon_stepbystep\sts_loop\sts_loop\x64\debug\09_sts_loop_2438.obj
c:\users\user\source\baekjoon_stepbystep\sts_loop\sts_loop\x64\debug\08_sts_loop_11022.obj
c:\users\user\source\baekjoon_stepbystep\sts_loop\sts_loop\x64\debug\07_sts_loop_11021.obj
c:\users\user\source\baekjoon_stepbystep\sts_loop\sts_loop\x64\debug\06_sts_loop_15552.obj
c:\users\user\source\baekjoon_stepbystep\sts_loop\sts_loop\x64\debug\05_sts_loop_25314.obj
c:\users\user\source\baekjoon_stepbystep\sts_loop\sts_loop\x64\debug\04_sts_loop_25304.obj
c:\users\user\source\baekjoon_stepbystep\sts_loop\sts_loop\x64\debug\03_sts_loop_8393.obj
c:\users\user\source\baekjoon_stepbystep\sts_loop\sts_loop\x64\debug\02_sts_loop_10950.obj
c:\users\user\source\baekjoon_stepbystep\sts_loop\sts_loop\x64\debug\01_sts_loop_2739.obj
c:\users\user\source\baekjoon_stepbystep\sts_loop\x64\debug\sts_loop.exe
c:\users\user\source\baekjoon_stepbystep\sts_loop\x64\debug\sts_loop.pdb
c:\users\user\source\baekjoon_stepbystep\sts_loop\sts_loop\x64\debug\sts_loop.ilk
c:\users\user\source\baekjoon_stepbystep\sts_loop\sts_loop\x64\debug\sts_loop.tlog\cl.command.1.tlog
c:\users\user\source\baekjoon_stepbystep\sts_loop\sts_loop\x64\debug\sts_loop.tlog\cl.items.tlog
c:\users\user\source\baekjoon_stepbystep\sts_loop\sts_loop\x64\debug\sts_loop.tlog\cl.read.1.tlog
c:\users\user\source\baekjoon_stepbystep\sts_loop\sts_loop\x64\debug\sts_loop.tlog\cl.write.1.tlog
c:\users\user\source\baekjoon_stepbystep\sts_loop\sts_loop\x64\debug\sts_loop.tlog\link.command.1.tlog
c:\users\user\source\baekjoon_stepbystep\sts_loop\sts_loop\x64\debug\sts_loop.tlog\link.read.1.tlog
c:\users\user\source\baekjoon_stepbystep\sts_loop\sts_loop\x64\debug\sts_loop.tlog\link.secondary.1.tlog
c:\users\user\source\baekjoon_stepbystep\sts_loop\sts_loop\x64\debug\sts_loop.tlog\link.write.1.tlog
