c:\users\user\source\baekjoon_stepbystep\sts_printfscanf\sts_printfscanf\x64\debug\vc143.pdb
c:\users\user\source\baekjoon_stepbystep\sts_printfscanf\sts_printfscanf\x64\debug\vc143.idb
c:\users\user\source\baekjoon_stepbystep\sts_printfscanf\sts_printfscanf\x64\debug\13_sts_printfscanf_10172.obj
c:\users\user\source\baekjoon_stepbystep\sts_printfscanf\sts_printfscanf\x64\debug\12_sts_printfscanf_10171.obj
c:\users\user\source\baekjoon_stepbystep\sts_printfscanf\sts_printfscanf\x64\debug\11_sts_printfscanf_11382.obj
c:\users\user\source\baekjoon_stepbystep\sts_printfscanf\sts_printfscanf\x64\debug\10_sts_printfscanf_2588.obj
c:\users\user\source\baekjoon_stepbystep\sts_printfscanf\sts_printfscanf\x64\debug\09_sts_printfscanf_10430.obj
c:\users\user\source\baekjoon_stepbystep\sts_printfscanf\sts_printfscanf\x64\debug\08_sts_printfscanf_18108.obj
c:\users\user\source\baekjoon_stepbystep\sts_printfscanf\sts_printfscanf\x64\debug\07_sts_printfscanf_10926.obj
c:\users\user\source\baekjoon_stepbystep\sts_printfscanf\sts_printfscanf\x64\debug\06_sts_printfscanf_10869.obj
c:\users\user\source\baekjoon_stepbystep\sts_printfscanf\sts_printfscanf\x64\debug\05_sts_printfscanf_1008.obj
c:\users\user\source\baekjoon_stepbystep\sts_printfscanf\sts_printfscanf\x64\debug\04_sts_prinfscanf_10998.obj
c:\users\user\source\baekjoon_stepbystep\sts_printfscanf\sts_printfscanf\x64\debug\03_sts_printfscanf_1001.obj
c:\users\user\source\baekjoon_stepbystep\sts_printfscanf\sts_printfscanf\x64\debug\02_sts_printfscanf_1000.obj
c:\users\user\source\baekjoon_stepbystep\sts_printfscanf\sts_printfscanf\x64\debug\01_sts_printfscanf_2557.obj
c:\users\user\source\baekjoon_stepbystep\sts_printfscanf\x64\debug\sts_printfscanf.exe
c:\users\user\source\baekjoon_stepbystep\sts_printfscanf\x64\debug\sts_printfscanf.pdb
c:\users\user\source\baekjoon_stepbystep\sts_printfscanf\sts_printfscanf\x64\debug\sts_printfscanf.ilk
c:\users\user\source\baekjoon_stepbystep\sts_printfscanf\sts_printfscanf\x64\debug\sts_printfscanf.tlog\cl.command.1.tlog
c:\users\user\source\baekjoon_stepbystep\sts_printfscanf\sts_printfscanf\x64\debug\sts_printfscanf.tlog\cl.items.tlog
c:\users\user\source\baekjoon_stepbystep\sts_printfscanf\sts_printfscanf\x64\debug\sts_printfscanf.tlog\cl.read.1.tlog
c:\users\user\source\baekjoon_stepbystep\sts_printfscanf\sts_printfscanf\x64\debug\sts_printfscanf.tlog\cl.write.1.tlog
c:\users\user\source\baekjoon_stepbystep\sts_printfscanf\sts_printfscanf\x64\debug\sts_printfscanf.tlog\link.command.1.tlog
c:\users\user\source\baekjoon_stepbystep\sts_printfscanf\sts_printfscanf\x64\debug\sts_printfscanf.tlog\link.read.1.tlog
c:\users\user\source\baekjoon_stepbystep\sts_printfscanf\sts_printfscanf\x64\debug\sts_printfscanf.tlog\link.secondary.1.tlog
c:\users\user\source\baekjoon_stepbystep\sts_printfscanf\sts_printfscanf\x64\debug\sts_printfscanf.tlog\link.write.1.tlog
